<?xml version="1.0" encoding="UTF-8"?>
<!-- Generated by org.testng.reporters.JUnitReportReporter -->
<testsuite hostname="RST-LTNMUHTAR1" failures="0" tests="1" name="testcase.DemoTest" time="16.183" errors="0" timestamp="03 Nov 2019 18:31:19 GMT" skipped="0">
  <testcase classname="testcase.DemoTest" name="someTestCase" time="16.183"/>
</testsuite> <!-- testcase.DemoTest -->
